Singularity: Invoking an interactive shell within container...

[0m--------------------------------------------------------------------------------
Path outputs_exp2_v3_nonorm does not exist. Creating.
--------------------------------------------------------------------------------
Logging to outputs_exp2_v3_nonorm/stdout
--------------------------------------------------------------------------------
Creating a Hparams object
--------------------------------------------------------------------------------
Building data for 'IWSLT 2016 En-De with BPE 32K Shared Vocab' from 'data/bpe_28k_shared/en-de/'
--------------------------------------------------------------------------------
Loading vocab from 'shared_28000.vocab'
Done. vocab_size = 28001
--------------------------------------------------------------------------------
Loading vocab from 'shared_28000.vocab'
Done. vocab_size = 28001
--------------------------------------------------------------------------------
Loading parallel data from 'train.en' and 'train.de'
 10000 pairs. src_unk=19. tgt_unk=46
 20000 pairs. src_unk=85. tgt_unk=117
 30000 pairs. src_unk=103. tgt_unk=194
 40000 pairs. src_unk=146. tgt_unk=340
 50000 pairs. src_unk=185. tgt_unk=445
 60000 pairs. src_unk=213. tgt_unk=531
 70000 pairs. src_unk=254. tgt_unk=608
 80000 pairs. src_unk=294. tgt_unk=749
 90000 pairs. src_unk=320. tgt_unk=786
100000 pairs. src_unk=345. tgt_unk=844
110000 pairs. src_unk=382. tgt_unk=925
120000 pairs. src_unk=429. tgt_unk=1037
130000 pairs. src_unk=446. tgt_unk=1122
140000 pairs. src_unk=493. tgt_unk=1239
150000 pairs. src_unk=536. tgt_unk=1408
160000 pairs. src_unk=634. tgt_unk=1518
170000 pairs. src_unk=698. tgt_unk=1690
180000 pairs. src_unk=846. tgt_unk=1878
190000 pairs. src_unk=1039. tgt_unk=2040
199911 pairs. src_unk=1191. tgt_unk=2523
Heuristic sort based on source lens
--------------------------------------------------------------------------------
Loading parallel data from 'dev2010.en' and 'dev2010.de'
   903 pairs. src_unk=0. tgt_unk=13
--------------------------------------------------------------------------------
Creating model
Model has 28075008 params
--------------------------------------------------------------------------------
Start training
ep=0   steps=0.10   lr=0.000304 loss/word=0.22    ppl/word=2.69     acc=0.0445 wpm(K)=527.52 mins=0.13 
ep=0   steps=0.20   lr=0.000609 loss/word=0.23    ppl/word=1.18     acc=0.0781 wpm(K)=544.51 mins=0.27 
ep=0   steps=0.30   lr=0.000913 loss/word=0.22    ppl/word=3.58     acc=0.0270 wpm(K)=529.28 mins=0.40 
ep=0   steps=0.40   lr=0.001217 loss/word=0.23    ppl/word=1.14     acc=0.0199 wpm(K)=530.11 mins=0.53 
ep=0   steps=0.50   lr=0.001521 loss/word=0.22    ppl/word=3.13     acc=0.0664 wpm(K)=533.67 mins=0.67 
ep=0   steps=0.60   lr=0.001826 loss/word=0.25    ppl/word=4.89     acc=0.0666 wpm(K)=529.83 mins=0.80 
ep=0   steps=0.70   lr=0.002130 loss/word=0.30    ppl/word=19.69    acc=0.0226 wpm(K)=531.24 mins=0.93 
ep=0   steps=0.80   lr=0.002210 loss/word=35.41   ppl/word=inf      acc=0.0070 wpm(K)=528.65 mins=1.06 
ep=0   steps=0.90   lr=0.002083 loss/word=0.29    ppl/word=14.92    acc=0.0237 wpm(K)=531.13 mins=1.19 
ep=0   steps=1.00   lr=0.001976 loss/word=0.29    ppl/word=11.13    acc=0.0223 wpm(K)=533.75 mins=1.33 
Eval at step 1000. valid_batch_size=30
val_step=1000   loss=10.24  acc=0.0015 val_ppl=27999.99
Saving model to 'outputs_exp2_v3_nonorm'
ep=0   steps=1.10   lr=0.001884 loss/word=0.30    ppl/word=37.89    acc=0.0156 wpm(K)=447.74 mins=1.75 
ep=0   steps=1.20   lr=0.001804 loss/word=0.30    ppl/word=32.06    acc=0.0145 wpm(K)=457.99 mins=1.89 
ep=0   steps=1.30   lr=0.001733 loss/word=0.31    ppl/word=55.45    acc=0.0151 wpm(K)=461.52 mins=2.02 
ep=0   steps=1.40   lr=0.001670 loss/word=0.31    ppl/word=70.55    acc=0.0076 wpm(K)=466.24 mins=2.15 
ep=0   steps=1.50   lr=0.001614 loss/word=0.28    ppl/word=11.47    acc=0.0263 wpm(K)=469.54 mins=2.28 
ep=0   steps=1.60   lr=0.001563 loss/word=0.30    ppl/word=7.49     acc=0.0067 wpm(K)=472.14 mins=2.41 
ep=0   steps=1.70   lr=0.001516 loss/word=0.30    ppl/word=35.90    acc=0.0202 wpm(K)=477.85 mins=2.55 
ep=0   steps=1.80   lr=0.001473 loss/word=0.29    ppl/word=11.32    acc=0.0140 wpm(K)=481.34 mins=2.68 
ep=0   steps=1.90   lr=0.001434 loss/word=0.29    ppl/word=14.39    acc=0.0140 wpm(K)=483.41 mins=2.81 
ep=0   steps=2.00   lr=0.001398 loss/word=0.28    ppl/word=6.38     acc=0.0157 wpm(K)=485.61 mins=2.95 
Eval at step 2000. valid_batch_size=30
val_step=2000   loss=10.24  acc=0.0015 val_ppl=27999.99
ep=0   steps=2.10   lr=0.001364 loss/word=0.28    ppl/word=14.60    acc=0.0198 wpm(K)=457.62 mins=3.28 
ep=0   steps=2.20   lr=0.001333 loss/word=0.29    ppl/word=13.26    acc=0.0145 wpm(K)=462.27 mins=3.42 
ep=0   steps=2.30   lr=0.001303 loss/word=0.31    ppl/word=162.57   acc=0.0076 wpm(K)=464.24 mins=3.55 
ep=0   steps=2.40   lr=0.001276 loss/word=0.31    ppl/word=96.81    acc=0.0050 wpm(K)=465.11 mins=3.68 
ep=0   steps=2.50   lr=0.001250 loss/word=0.32    ppl/word=95.71    acc=0.0000 wpm(K)=467.83 mins=3.81 
ep=0   steps=2.60   lr=0.001226 loss/word=0.30    ppl/word=60.83    acc=0.0038 wpm(K)=469.90 mins=3.95 
ep=0   steps=2.70   lr=0.001203 loss/word=0.31    ppl/word=174.53   acc=0.0000 wpm(K)=472.21 mins=4.08 
ep=0   steps=2.80   lr=0.001181 loss/word=0.29    ppl/word=11.22    acc=0.0205 wpm(K)=475.04 mins=4.21 
ep=0   steps=2.90   lr=0.001161 loss/word=0.27    ppl/word=2.73     acc=0.0454 wpm(K)=476.98 mins=4.35 
ep=0   steps=3.00   lr=0.001141 loss/word=0.30    ppl/word=15.71    acc=0.0248 wpm(K)=480.48 mins=4.48 
Eval at step 3000. valid_batch_size=30
val_step=3000   loss=10.24  acc=0.0015 val_ppl=27999.99
ep=0   steps=3.10   lr=0.001123 loss/word=0.32    ppl/word=112.55   acc=0.0000 wpm(K)=461.72 mins=4.82 
ep=0   steps=3.20   lr=0.001105 loss/word=0.29    ppl/word=12.29    acc=0.0236 wpm(K)=463.49 mins=4.95 
ep=0   steps=3.30   lr=0.001088 loss/word=0.31    ppl/word=74.47    acc=0.0040 wpm(K)=465.84 mins=5.09 
ep=0   steps=3.40   lr=0.001072 loss/word=0.31    ppl/word=62.06    acc=0.0028 wpm(K)=466.97 mins=5.22 
ep=0   steps=3.50   lr=0.001056 loss/word=0.30    ppl/word=15.41    acc=0.0112 wpm(K)=468.21 mins=5.35 
ep=0   steps=3.60   lr=0.001042 loss/word=0.31    ppl/word=39.13    acc=0.0067 wpm(K)=469.56 mins=5.48 
ep=0   steps=3.70   lr=0.001027 loss/word=0.30    ppl/word=31.74    acc=0.0100 wpm(K)=470.88 mins=5.62 
ep=0   steps=3.80   lr=0.001014 loss/word=0.29    ppl/word=9.91     acc=0.0255 wpm(K)=472.48 mins=5.76 
ep=0   steps=3.90   lr=0.001001 loss/word=0.30    ppl/word=11.90    acc=0.0129 wpm(K)=474.29 mins=5.89 
ep=0   steps=4.00   lr=0.000988 loss/word=0.30    ppl/word=54.38    acc=0.0034 wpm(K)=475.41 mins=6.03 
Eval at step 4000. valid_batch_size=30
val_step=4000   loss=10.24  acc=0.0015 val_ppl=27999.99
ep=0   steps=4.10   lr=0.000976 loss/word=0.31    ppl/word=88.37    acc=0.0043 wpm(K)=461.23 mins=6.37 
ep=0   steps=4.20   lr=0.000964 loss/word=0.29    ppl/word=23.33    acc=0.0152 wpm(K)=462.56 mins=6.50 
ep=0   steps=4.30   lr=0.000953 loss/word=0.31    ppl/word=35.22    acc=0.0073 wpm(K)=463.70 mins=6.64 
ep=0   steps=4.40   lr=0.000942 loss/word=0.32    ppl/word=95.21    acc=0.0000 wpm(K)=465.96 mins=6.77 
ep=0   steps=4.50   lr=0.000932 loss/word=0.31    ppl/word=65.14    acc=0.0032 wpm(K)=466.72 mins=6.91 
ep=0   steps=4.60   lr=0.000922 loss/word=0.29    ppl/word=5.26     acc=0.0258 wpm(K)=467.72 mins=7.04 
ep=0   steps=4.70   lr=0.000912 loss/word=0.31    ppl/word=31.61    acc=0.0113 wpm(K)=469.03 mins=7.18 
ep=0   steps=4.80   lr=0.000902 loss/word=0.30    ppl/word=44.71    acc=0.0000 wpm(K)=469.97 mins=7.31 
ep=0   steps=4.90   lr=0.000893 loss/word=0.28    ppl/word=5.35     acc=0.0312 wpm(K)=471.05 mins=7.44 
ep=0   steps=5.00   lr=0.000884 loss/word=0.30    ppl/word=12.59    acc=0.0197 wpm(K)=472.16 mins=7.58 
Eval at step 5000. valid_batch_size=30
val_step=5000   loss=10.24  acc=0.0015 val_ppl=27999.99
ep=0   steps=5.10   lr=0.000875 loss/word=0.31    ppl/word=23.66    acc=0.0115 wpm(K)=461.10 mins=7.92 
ep=0   steps=5.20   lr=0.000867 loss/word=0.31    ppl/word=24.24    acc=0.0120 wpm(K)=463.50 mins=8.06 
ep=0   steps=5.30   lr=0.000859 loss/word=0.31    ppl/word=30.46    acc=0.0122 wpm(K)=464.55 mins=8.20 
ep=0   steps=5.40   lr=0.000851 loss/word=0.30    ppl/word=22.78    acc=0.0118 wpm(K)=465.92 mins=8.33 
ep=0   steps=5.50   lr=0.000843 loss/word=0.27    ppl/word=2.07     acc=0.0453 wpm(K)=467.18 mins=8.46 
ep=0   steps=5.60   lr=0.000835 loss/word=0.31    ppl/word=115.14   acc=0.0000 wpm(K)=468.74 mins=8.60 
ep=0   steps=5.70   lr=0.000828 loss/word=0.31    ppl/word=45.71    acc=0.0000 wpm(K)=470.52 mins=8.74 
ep=0   steps=5.80   lr=0.000821 loss/word=0.31    ppl/word=82.50    acc=0.0000 wpm(K)=471.34 mins=8.87 
ep=0   steps=5.90   lr=0.000814 loss/word=0.30    ppl/word=40.21    acc=0.0108 wpm(K)=472.26 mins=9.00 
ep=0   steps=6.00   lr=0.000807 loss/word=0.31    ppl/word=72.32    acc=0.0079 wpm(K)=473.03 mins=9.14 
Eval at step 6000. valid_batch_size=30
val_step=6000   loss=10.24  acc=0.0015 val_ppl=27999.99
ep=0   steps=6.10   lr=0.000800 loss/word=0.31    ppl/word=64.51    acc=0.0028 wpm(K)=463.25 mins=9.48 
ep=0   steps=6.20   lr=0.000794 loss/word=0.30    ppl/word=23.89    acc=0.0088 wpm(K)=464.14 mins=9.62 
ep=1   steps=6.30   lr=0.000787 loss/word=0.31    ppl/word=54.68    acc=0.0000 wpm(K)=465.01 mins=9.75 
ep=1   steps=6.40   lr=0.000781 loss/word=0.29    ppl/word=11.08    acc=0.0226 wpm(K)=466.03 mins=9.89 
ep=1   steps=6.50   lr=0.000775 loss/word=0.28    ppl/word=3.94     acc=0.0436 wpm(K)=466.98 mins=10.02
ep=1   steps=6.60   lr=0.000769 loss/word=0.30    ppl/word=17.14    acc=0.0103 wpm(K)=467.68 mins=10.15
ep=1   steps=6.70   lr=0.000764 loss/word=0.31    ppl/word=26.24    acc=0.0074 wpm(K)=468.63 mins=10.28
ep=1   steps=6.80   lr=0.000758 loss/word=0.30    ppl/word=31.72    acc=0.0163 wpm(K)=469.71 mins=10.42
ep=1   steps=6.90   lr=0.000752 loss/word=0.29    ppl/word=7.48     acc=0.0221 wpm(K)=470.58 mins=10.55
ep=1   steps=7.00   lr=0.000747 loss/word=0.31    ppl/word=44.87    acc=0.0024 wpm(K)=471.52 mins=10.68
Eval at step 7000. valid_batch_size=30
val_step=7000   loss=10.24  acc=0.0015 val_ppl=27999.99
ep=1   steps=7.10   lr=0.000742 loss/word=0.31    ppl/word=59.97    acc=0.0095 wpm(K)=464.07 mins=11.02
ep=1   steps=7.20   lr=0.000737 loss/word=0.30    ppl/word=20.23    acc=0.0180 wpm(K)=464.55 mins=11.16
ep=1   steps=7.30   lr=0.000732 loss/word=0.31    ppl/word=65.22    acc=0.0028 wpm(K)=465.20 mins=11.29
ep=1   steps=7.40   lr=0.000727 loss/word=0.28    ppl/word=5.78     acc=0.0334 wpm(K)=466.24 mins=11.42
ep=1   steps=7.50   lr=0.000722 loss/word=0.31    ppl/word=26.37    acc=0.0100 wpm(K)=467.12 mins=11.56
ep=1   steps=7.60   lr=0.000717 loss/word=0.31    ppl/word=52.30    acc=0.0027 wpm(K)=467.70 mins=11.69
ep=1   steps=7.70   lr=0.000712 loss/word=0.30    ppl/word=23.92    acc=0.0129 wpm(K)=468.76 mins=11.83
ep=1   steps=7.80   lr=0.000708 loss/word=0.31    ppl/word=29.42    acc=0.0112 wpm(K)=469.46 mins=11.96
ep=1   steps=7.90   lr=0.000703 loss/word=0.31    ppl/word=77.89    acc=0.0000 wpm(K)=470.18 mins=12.09
ep=1   steps=8.00   lr=0.000699 loss/word=0.31    ppl/word=98.10    acc=0.0000 wpm(K)=470.94 mins=12.22
Eval at step 8000. valid_batch_size=30
val_step=8000   loss=10.24  acc=0.0015 val_ppl=27999.99
ep=1   steps=8.10   lr=0.000694 loss/word=0.31    ppl/word=37.77    acc=0.0018 wpm(K)=463.32 mins=12.56
ep=1   steps=8.20   lr=0.000690 loss/word=0.31    ppl/word=81.26    acc=0.0045 wpm(K)=463.80 mins=12.69
ep=1   steps=8.30   lr=0.000686 loss/word=0.29    ppl/word=8.47     acc=0.0302 wpm(K)=464.49 mins=12.83
ep=1   steps=8.40   lr=0.000682 loss/word=0.31    ppl/word=50.39    acc=0.0113 wpm(K)=465.04 mins=12.96
ep=1   steps=8.50   lr=0.000678 loss/word=0.30    ppl/word=21.38    acc=0.0114 wpm(K)=465.59 mins=13.09
ep=1   steps=8.60   lr=0.000674 loss/word=0.29    ppl/word=15.05    acc=0.0145 wpm(K)=466.12 mins=13.22
ep=1   steps=8.70   lr=0.000670 loss/word=0.30    ppl/word=24.72    acc=0.0072 wpm(K)=466.54 mins=13.35
ep=1   steps=8.80   lr=0.000666 loss/word=0.31    ppl/word=61.18    acc=0.0000 wpm(K)=466.97 mins=13.49
ep=1   steps=8.90   lr=0.000662 loss/word=0.31    ppl/word=51.09    acc=0.0025 wpm(K)=467.93 mins=13.62
ep=1   steps=9.00   lr=0.000659 loss/word=0.30    ppl/word=14.02    acc=0.0187 wpm(K)=468.53 mins=13.75
Eval at step 9000. valid_batch_size=30
val_step=9000   loss=10.24  acc=0.0015 val_ppl=27999.99
ep=1   steps=9.10   lr=0.000655 loss/word=0.31    ppl/word=50.28    acc=0.0050 wpm(K)=462.92 mins=14.09
ep=1   steps=9.20   lr=0.000652 loss/word=0.30    ppl/word=25.35    acc=0.0129 wpm(K)=463.66 mins=14.21
ep=1   steps=9.30   lr=0.000648 loss/word=0.30    ppl/word=9.69     acc=0.0208 wpm(K)=464.70 mins=14.34
ep=1   steps=9.40   lr=0.000645 loss/word=0.31    ppl/word=52.89    acc=0.0077 wpm(K)=465.68 mins=14.48
ep=1   steps=9.50   lr=0.000641 loss/word=0.29    ppl/word=19.93    acc=0.0172 wpm(K)=466.55 mins=14.60
ep=1   steps=9.60   lr=0.000638 loss/word=0.31    ppl/word=25.47    acc=0.0097 wpm(K)=467.58 mins=14.73
ep=1   steps=9.70   lr=0.000635 loss/word=0.27    ppl/word=2.17     acc=0.0442 wpm(K)=468.80 mins=14.86
ep=1   steps=9.80   lr=0.000631 loss/word=0.30    ppl/word=35.66    acc=0.0051 wpm(K)=469.60 mins=14.99
ep=1   steps=9.90   lr=0.000628 loss/word=0.31    ppl/word=54.68    acc=0.0000 wpm(K)=470.40 mins=15.12
ep=1   steps=10.00  lr=0.000625 loss/word=0.32    ppl/word=73.69    acc=0.0000 wpm(K)=471.24 mins=15.24
Eval at step 10000. valid_batch_size=30
val_step=10000  loss=10.24  acc=0.0015 val_ppl=27999.99
ep=1   steps=10.10  lr=0.000622 loss/word=0.31    ppl/word=64.42    acc=0.0000 wpm(K)=466.25 mins=15.56
ep=1   steps=10.20  lr=0.000619 loss/word=0.30    ppl/word=25.00    acc=0.0103 wpm(K)=466.86 mins=15.68
ep=1   steps=10.30  lr=0.000616 loss/word=0.30    ppl/word=32.34    acc=0.0115 wpm(K)=467.45 mins=15.81
ep=1   steps=10.40  lr=0.000613 loss/word=0.31    ppl/word=88.25    acc=0.0045 wpm(K)=468.20 mins=15.93
ep=1   steps=10.50  lr=0.000610 loss/word=0.28    ppl/word=6.45     acc=0.0280 wpm(K)=469.22 mins=16.06
ep=1   steps=10.60  lr=0.000607 loss/word=0.31    ppl/word=56.36    acc=0.0029 wpm(K)=469.92 mins=16.18
ep=1   steps=10.70  lr=0.000604 loss/word=0.30    ppl/word=38.29    acc=0.0152 wpm(K)=470.63 mins=16.31
ep=1   steps=10.80  lr=0.000601 loss/word=0.30    ppl/word=32.62    acc=0.0126 wpm(K)=471.34 mins=16.43
ep=1   steps=10.90  lr=0.000599 loss/word=0.31    ppl/word=29.74    acc=0.0133 wpm(K)=472.13 mins=16.56
ep=1   steps=11.00  lr=0.000596 loss/word=0.30    ppl/word=29.50    acc=0.0036 wpm(K)=472.83 mins=16.69
Eval at step 11000. valid_batch_size=30
val_step=11000  loss=10.24  acc=0.0015 val_ppl=27999.99
ep=1   steps=11.10  lr=0.000593 loss/word=0.30    ppl/word=21.90    acc=0.0128 wpm(K)=468.75 mins=17.00
ep=1   steps=11.20  lr=0.000591 loss/word=0.29    ppl/word=11.20    acc=0.0213 wpm(K)=469.95 mins=17.13
ep=1   steps=11.30  lr=0.000588 loss/word=0.27    ppl/word=2.68     acc=0.0370 wpm(K)=470.88 mins=17.25
ep=1   steps=11.40  lr=0.000585 loss/word=0.30    ppl/word=35.04    acc=0.0089 wpm(K)=471.39 mins=17.38
ep=1   steps=11.50  lr=0.000583 loss/word=0.31    ppl/word=24.16    acc=0.0095 wpm(K)=472.16 mins=17.50
ep=1   steps=11.60  lr=0.000580 loss/word=0.29    ppl/word=12.76    acc=0.0148 wpm(K)=473.15 mins=17.63
ep=1   steps=11.70  lr=0.000578 loss/word=0.30    ppl/word=18.37    acc=0.0161 wpm(K)=473.71 mins=17.76
ep=1   steps=11.80  lr=0.000575 loss/word=0.30    ppl/word=18.69    acc=0.0171 wpm(K)=474.14 mins=17.88
ep=1   steps=11.90  lr=0.000573 loss/word=0.31    ppl/word=92.50    acc=0.0000 wpm(K)=474.81 mins=18.01
ep=1   steps=12.00  lr=0.000571 loss/word=0.29    ppl/word=18.59    acc=0.0230 wpm(K)=475.43 mins=18.13
Eval at step 12000. valid_batch_size=30
val_step=12000  loss=10.24  acc=0.0015 val_ppl=27999.99
ep=1   steps=12.10  lr=0.000568 loss/word=0.27    ppl/word=2.53     acc=0.0334 wpm(K)=471.41 mins=18.44
ep=1   steps=12.20  lr=0.000566 loss/word=0.31    ppl/word=120.00   acc=0.0000 wpm(K)=472.00 mins=18.57
ep=1   steps=12.30  lr=0.000564 loss/word=0.31    ppl/word=45.61    acc=0.0048 wpm(K)=472.78 mins=18.69
ep=1   steps=12.40  lr=0.000561 loss/word=0.30    ppl/word=28.65    acc=0.0091 wpm(K)=473.26 mins=18.82
ep=2   steps=12.50  lr=0.000559 loss/word=0.29    ppl/word=12.77    acc=0.0190 wpm(K)=474.34 mins=18.95
ep=2   steps=12.60  lr=0.000557 loss/word=0.31    ppl/word=56.52    acc=0.0031 wpm(K)=475.02 mins=19.08
ep=2   steps=12.70  lr=0.000555 loss/word=0.31    ppl/word=55.69    acc=0.0050 wpm(K)=475.17 mins=19.20
ep=2   steps=12.80  lr=0.000552 loss/word=0.28    ppl/word=7.47     acc=0.0281 wpm(K)=475.84 mins=19.32
ep=2   steps=12.90  lr=0.000550 loss/word=0.30    ppl/word=17.92    acc=0.0143 wpm(K)=476.58 mins=19.45
ep=2   steps=13.00  lr=0.000548 loss/word=0.29    ppl/word=14.06    acc=0.0189 wpm(K)=477.30 mins=19.58
Eval at step 13000. valid_batch_size=30
val_step=13000  loss=10.24  acc=0.0015 val_ppl=27999.99
ep=2   steps=13.10  lr=0.000546 loss/word=0.29    ppl/word=11.24    acc=0.0204 wpm(K)=473.47 mins=19.89
ep=2   steps=13.20  lr=0.000544 loss/word=0.31    ppl/word=51.80    acc=0.0162 wpm(K)=474.20 mins=20.02
ep=2   steps=13.30  lr=0.000542 loss/word=0.30    ppl/word=18.65    acc=0.0177 wpm(K)=474.97 mins=20.14
ep=2   steps=13.40  lr=0.000540 loss/word=0.29    ppl/word=9.90     acc=0.0227 wpm(K)=475.31 mins=20.27
ep=2   steps=13.50  lr=0.000538 loss/word=0.32    ppl/word=191.78   acc=0.0068 wpm(K)=475.93 mins=20.40
ep=2   steps=13.60  lr=0.000536 loss/word=0.31    ppl/word=27.10    acc=0.0076 wpm(K)=476.33 mins=20.52
ep=2   steps=13.70  lr=0.000534 loss/word=0.30    ppl/word=28.01    acc=0.0072 wpm(K)=476.77 mins=20.65
ep=2   steps=13.80  lr=0.000532 loss/word=0.30    ppl/word=26.62    acc=0.0109 wpm(K)=477.06 mins=20.78
ep=2   steps=13.90  lr=0.000530 loss/word=0.30    ppl/word=43.00    acc=0.0026 wpm(K)=477.55 mins=20.91
ep=2   steps=14.00  lr=0.000528 loss/word=0.30    ppl/word=14.46    acc=0.0205 wpm(K)=478.03 mins=21.03
Eval at step 14000. valid_batch_size=30
val_step=14000  loss=10.24  acc=0.0015 val_ppl=27999.99
ep=2   steps=14.10  lr=0.000526 loss/word=0.31    ppl/word=32.03    acc=0.0043 wpm(K)=474.20 mins=21.34
ep=2   steps=14.20  lr=0.000524 loss/word=0.32    ppl/word=52.07    acc=0.0080 wpm(K)=474.53 mins=21.47
ep=2   steps=14.30  lr=0.000523 loss/word=0.30    ppl/word=13.27    acc=0.0185 wpm(K)=474.94 mins=21.60
ep=2   steps=14.40  lr=0.000521 loss/word=0.28    ppl/word=8.33     acc=0.0247 wpm(K)=475.13 mins=21.72
ep=2   steps=14.50  lr=0.000519 loss/word=0.30    ppl/word=12.18    acc=0.0160 wpm(K)=475.62 mins=21.85
ep=2   steps=14.60  lr=0.000517 loss/word=0.29    ppl/word=10.23    acc=0.0181 wpm(K)=476.19 mins=21.98
ep=2   steps=14.70  lr=0.000515 loss/word=0.30    ppl/word=27.08    acc=0.0071 wpm(K)=476.95 mins=22.10
ep=2   steps=14.80  lr=0.000514 loss/word=0.29    ppl/word=13.72    acc=0.0232 wpm(K)=477.58 mins=22.23
ep=2   steps=14.90  lr=0.000512 loss/word=0.29    ppl/word=37.28    acc=0.0063 wpm(K)=477.77 mins=22.36
ep=2   steps=15.00  lr=0.000510 loss/word=0.30    ppl/word=13.95    acc=0.0162 wpm(K)=478.37 mins=22.49
Eval at step 15000. valid_batch_size=30
val_step=15000  loss=10.24  acc=0.0015 val_ppl=27999.99
ep=2   steps=15.10  lr=0.000509 loss/word=0.29    ppl/word=9.38     acc=0.0270 wpm(K)=474.92 mins=22.80
ep=2   steps=15.20  lr=0.000507 loss/word=0.30    ppl/word=14.93    acc=0.0167 wpm(K)=475.57 mins=22.93
ep=2   steps=15.30  lr=0.000505 loss/word=0.31    ppl/word=25.38    acc=0.0146 wpm(K)=476.24 mins=23.06
ep=2   steps=15.40  lr=0.000504 loss/word=0.30    ppl/word=26.81    acc=0.0063 wpm(K)=476.81 mins=23.19
ep=2   steps=15.50  lr=0.000502 loss/word=0.29    ppl/word=8.28     acc=0.0182 wpm(K)=477.23 mins=23.31
ep=2   steps=15.60  lr=0.000500 loss/word=0.30    ppl/word=24.05    acc=0.0078 wpm(K)=477.80 mins=23.44
ep=2   steps=15.70  lr=0.000499 loss/word=0.30    ppl/word=24.49    acc=0.0168 wpm(K)=478.17 mins=23.57
ep=2   steps=15.80  lr=0.000497 loss/word=0.31    ppl/word=55.88    acc=0.0074 wpm(K)=478.20 mins=23.69
ep=2   steps=15.90  lr=0.000496 loss/word=0.29    ppl/word=17.04    acc=0.0181 wpm(K)=478.98 mins=23.82
ep=2   steps=16.00  lr=0.000494 loss/word=0.30    ppl/word=23.52    acc=0.0088 wpm(K)=479.34 mins=23.95
Eval at step 16000. valid_batch_size=30
val_step=16000  loss=10.24  acc=0.0015 val_ppl=27999.99
ep=2   steps=16.10  lr=0.000493 loss/word=0.31    ppl/word=24.67    acc=0.0109 wpm(K)=476.12 mins=24.26
ep=2   steps=16.20  lr=0.000491 loss/word=0.31    ppl/word=23.95    acc=0.0120 wpm(K)=476.55 mins=24.39
ep=2   steps=16.30  lr=0.000490 loss/word=0.31    ppl/word=53.77    acc=0.0000 wpm(K)=477.02 mins=24.52
ep=2   steps=16.40  lr=0.000488 loss/word=0.29    ppl/word=13.35    acc=0.0210 wpm(K)=477.53 mins=24.65
ep=2   steps=16.50  lr=0.000487 loss/word=0.31    ppl/word=58.93    acc=0.0053 wpm(K)=477.95 mins=24.78
ep=2   steps=16.60  lr=0.000485 loss/word=0.28    ppl/word=6.85     acc=0.0288 wpm(K)=478.45 mins=24.91
ep=2   steps=16.70  lr=0.000484 loss/word=0.31    ppl/word=44.40    acc=0.0044 wpm(K)=478.69 mins=25.03
ep=2   steps=16.80  lr=0.000482 loss/word=0.29    ppl/word=11.24    acc=0.0211 wpm(K)=479.25 mins=25.16
ep=2   steps=16.90  lr=0.000481 loss/word=0.30    ppl/word=33.04    acc=0.0122 wpm(K)=479.63 mins=25.28
ep=2   steps=17.00  lr=0.000479 loss/word=0.30    ppl/word=13.01    acc=0.0208 wpm(K)=480.01 mins=25.41
Eval at step 17000. valid_batch_size=30
val_step=17000  loss=10.24  acc=0.0015 val_ppl=27999.99
ep=2   steps=17.10  lr=0.000478 loss/word=0.30    ppl/word=34.42    acc=0.0023 wpm(K)=477.28 mins=25.72
ep=2   steps=17.20  lr=0.000477 loss/word=0.30    ppl/word=22.64    acc=0.0092 wpm(K)=477.87 mins=25.85
ep=2   steps=17.30  lr=0.000475 loss/word=0.29    ppl/word=9.07     acc=0.0228 wpm(K)=478.31 mins=25.98
ep=2   steps=17.40  lr=0.000474 loss/word=0.31    ppl/word=78.63    acc=0.0076 wpm(K)=478.68 mins=26.10
ep=2   steps=17.50  lr=0.000472 loss/word=0.29    ppl/word=11.02    acc=0.0263 wpm(K)=479.09 mins=26.23
ep=2   steps=17.60  lr=0.000471 loss/word=0.29    ppl/word=8.96     acc=0.0163 wpm(K)=479.58 mins=26.36
ep=2   steps=17.70  lr=0.000470 loss/word=0.29    ppl/word=20.18    acc=0.0135 wpm(K)=480.27 mins=26.49
ep=2   steps=17.80  lr=0.000468 loss/word=0.31    ppl/word=55.42    acc=0.0083 wpm(K)=480.58 mins=26.61
ep=2   steps=17.90  lr=0.000467 loss/word=0.31    ppl/word=70.28    acc=0.0000 wpm(K)=481.28 mins=26.74
ep=2   steps=18.00  lr=0.000466 loss/word=0.31    ppl/word=51.89    acc=0.0025 wpm(K)=481.67 mins=26.87
Eval at step 18000. valid_batch_size=30
val_step=18000  loss=10.24  acc=0.0015 val_ppl=27999.99
ep=2   steps=18.10  lr=0.000465 loss/word=0.29    ppl/word=8.53     acc=0.0242 wpm(K)=478.87 mins=27.18
ep=2   steps=18.20  lr=0.000463 loss/word=0.31    ppl/word=197.39   acc=0.0000 wpm(K)=479.27 mins=27.31
ep=2   steps=18.30  lr=0.000462 loss/word=0.32    ppl/word=218.45   acc=0.0000 wpm(K)=479.83 mins=27.44
ep=2   steps=18.40  lr=0.000461 loss/word=0.31    ppl/word=48.33    acc=0.0108 wpm(K)=480.15 mins=27.56
ep=2   steps=18.50  lr=0.000460 loss/word=0.31    ppl/word=25.56    acc=0.0111 wpm(K)=480.40 mins=27.69
ep=2   steps=18.60  lr=0.000458 loss/word=0.30    ppl/word=34.86    acc=0.0118 wpm(K)=480.84 mins=27.82
ep=2   steps=18.70  lr=0.000457 loss/word=0.31    ppl/word=72.74    acc=0.0035 wpm(K)=480.99 mins=27.94
ep=3   steps=18.80  lr=0.000456 loss/word=0.30    ppl/word=25.70    acc=0.0066 wpm(K)=481.42 mins=28.07
ep=3   steps=18.90  lr=0.000455 loss/word=0.31    ppl/word=56.63    acc=0.0029 wpm(K)=481.94 mins=28.19
ep=3   steps=19.00  lr=0.000453 loss/word=0.31    ppl/word=120.58   acc=0.0000 wpm(K)=482.12 mins=28.32
Eval at step 19000. valid_batch_size=30
val_step=19000  loss=10.24  acc=0.0015 val_ppl=27999.99
ep=3   steps=19.10  lr=0.000452 loss/word=0.31    ppl/word=42.98    acc=0.0079 wpm(K)=479.38 mins=28.64
ep=3   steps=19.20  lr=0.000451 loss/word=0.29    ppl/word=14.49    acc=0.0172 wpm(K)=479.68 mins=28.76
ep=3   steps=19.30  lr=0.000450 loss/word=0.32    ppl/word=64.85    acc=0.0000 wpm(K)=480.06 mins=28.89
ep=3   steps=19.40  lr=0.000449 loss/word=0.30    ppl/word=13.89    acc=0.0184 wpm(K)=480.36 mins=29.01
ep=3   steps=19.50  lr=0.000448 loss/word=0.29    ppl/word=16.80    acc=0.0202 wpm(K)=480.58 mins=29.14
ep=3   steps=19.60  lr=0.000446 loss/word=0.29    ppl/word=22.88    acc=0.0080 wpm(K)=480.88 mins=29.27
ep=3   steps=19.70  lr=0.000445 loss/word=0.31    ppl/word=52.28    acc=0.0000 wpm(K)=481.22 mins=29.39
ep=3   steps=19.80  lr=0.000444 loss/word=0.32    ppl/word=137.49   acc=0.0000 wpm(K)=481.76 mins=29.52
ep=3   steps=19.90  lr=0.000443 loss/word=0.29    ppl/word=12.87    acc=0.0197 wpm(K)=482.05 mins=29.65
ep=3   steps=20.00  lr=0.000442 loss/word=0.32    ppl/word=89.39    acc=0.0000 wpm(K)=482.22 mins=29.77
Eval at step 20000. valid_batch_size=30
val_step=20000  loss=10.24  acc=0.0015 val_ppl=27999.99
ep=3   steps=20.10  lr=0.000441 loss/word=0.30    ppl/word=33.01    acc=0.0080 wpm(K)=479.45 mins=30.08
ep=3   steps=20.20  lr=0.000440 loss/word=0.30    ppl/word=14.60    acc=0.0138 wpm(K)=479.79 mins=30.21
ep=3   steps=20.30  lr=0.000439 loss/word=0.31    ppl/word=55.26    acc=0.0027 wpm(K)=480.27 mins=30.33
ep=3   steps=20.40  lr=0.000438 loss/word=0.30    ppl/word=18.56    acc=0.0147 wpm(K)=480.44 mins=30.46
ep=3   steps=20.50  lr=0.000437 loss/word=0.31    ppl/word=36.04    acc=0.0062 wpm(K)=480.81 mins=30.58
ep=3   steps=20.60  lr=0.000435 loss/word=0.30    ppl/word=31.36    acc=0.0118 wpm(K)=480.90 mins=30.71
ep=3   steps=20.70  lr=0.000434 loss/word=0.30    ppl/word=11.62    acc=0.0189 wpm(K)=481.52 mins=30.84
ep=3   steps=20.80  lr=0.000433 loss/word=0.30    ppl/word=22.63    acc=0.0042 wpm(K)=482.02 mins=30.96
ep=3   steps=20.90  lr=0.000432 loss/word=0.30    ppl/word=21.50    acc=0.0088 wpm(K)=482.17 mins=31.09
ep=3   steps=21.00  lr=0.000431 loss/word=0.30    ppl/word=20.25    acc=0.0096 wpm(K)=482.59 mins=31.22
Eval at step 21000. valid_batch_size=30
val_step=21000  loss=10.24  acc=0.0015 val_ppl=27999.99
ep=3   steps=21.10  lr=0.000430 loss/word=0.29    ppl/word=11.04    acc=0.0216 wpm(K)=480.07 mins=31.53
ep=3   steps=21.20  lr=0.000429 loss/word=0.31    ppl/word=18.94    acc=0.0105 wpm(K)=480.50 mins=31.66
ep=3   steps=21.30  lr=0.000428 loss/word=0.29    ppl/word=16.10    acc=0.0173 wpm(K)=480.76 mins=31.79
ep=3   steps=21.40  lr=0.000427 loss/word=0.31    ppl/word=38.68    acc=0.0088 wpm(K)=481.11 mins=31.91
ep=3   steps=21.50  lr=0.000426 loss/word=0.31    ppl/word=36.33    acc=0.0103 wpm(K)=481.31 mins=32.04
ep=3   steps=21.60  lr=0.000425 loss/word=0.32    ppl/word=88.72    acc=0.0000 wpm(K)=481.49 mins=32.17
ep=3   steps=21.70  lr=0.000424 loss/word=0.30    ppl/word=70.06    acc=0.0043 wpm(K)=481.66 mins=32.30
ep=3   steps=21.80  lr=0.000423 loss/word=0.30    ppl/word=16.79    acc=0.0238 wpm(K)=481.83 mins=32.42
ep=3   steps=21.90  lr=0.000422 loss/word=0.29    ppl/word=15.92    acc=0.0258 wpm(K)=482.32 mins=32.56
ep=3   steps=22.00  lr=0.000421 loss/word=0.31    ppl/word=60.75    acc=0.0000 wpm(K)=482.28 mins=32.68
Eval at step 22000. valid_batch_size=30
val_step=22000  loss=10.24  acc=0.0015 val_ppl=27999.99
ep=3   steps=22.10  lr=0.000420 loss/word=0.30    ppl/word=17.98    acc=0.0198 wpm(K)=479.51 mins=33.01
ep=3   steps=22.20  lr=0.000419 loss/word=0.30    ppl/word=12.75    acc=0.0174 wpm(K)=479.86 mins=33.14
ep=3   steps=22.30  lr=0.000419 loss/word=0.29    ppl/word=11.56    acc=0.0206 wpm(K)=480.03 mins=33.27
ep=3   steps=22.40  lr=0.000418 loss/word=0.31    ppl/word=56.62    acc=0.0032 wpm(K)=480.34 mins=33.41
ep=3   steps=22.50  lr=0.000417 loss/word=0.31    ppl/word=28.71    acc=0.0032 wpm(K)=480.80 mins=33.54
ep=3   steps=22.60  lr=0.000416 loss/word=0.29    ppl/word=9.22     acc=0.0207 wpm(K)=481.02 mins=33.67
ep=3   steps=22.70  lr=0.000415 loss/word=0.29    ppl/word=12.99    acc=0.0176 wpm(K)=481.25 mins=33.80
ep=3   steps=22.80  lr=0.000414 loss/word=0.30    ppl/word=34.27    acc=0.0091 wpm(K)=481.47 mins=33.93
ep=3   steps=22.90  lr=0.000413 loss/word=0.31    ppl/word=45.32    acc=0.0022 wpm(K)=481.77 mins=34.06
ep=3   steps=23.00  lr=0.000412 loss/word=0.29    ppl/word=12.08    acc=0.0214 wpm(K)=481.74 mins=34.19
Eval at step 23000. valid_batch_size=30
val_step=23000  loss=10.24  acc=0.0015 val_ppl=27999.99
ep=3   steps=23.10  lr=0.000411 loss/word=0.31    ppl/word=39.78    acc=0.0039 wpm(K)=479.25 mins=34.51
ep=3   steps=23.20  lr=0.000410 loss/word=0.31    ppl/word=85.97    acc=0.0000 wpm(K)=479.66 mins=34.64
ep=3   steps=23.30  lr=0.000409 loss/word=0.31    ppl/word=47.49    acc=0.0026 wpm(K)=479.90 mins=34.77
ep=3   steps=23.40  lr=0.000409 loss/word=0.30    ppl/word=39.81    acc=0.0071 wpm(K)=480.23 mins=34.91
ep=3   steps=23.50  lr=0.000408 loss/word=0.31    ppl/word=42.39    acc=0.0046 wpm(K)=480.45 mins=35.03
ep=3   steps=23.60  lr=0.000407 loss/word=0.30    ppl/word=50.24    acc=0.0034 wpm(K)=480.59 mins=35.16
ep=3   steps=23.70  lr=0.000406 loss/word=0.30    ppl/word=16.13    acc=0.0105 wpm(K)=480.87 mins=35.29
ep=3   steps=23.80  lr=0.000405 loss/word=0.29    ppl/word=8.56     acc=0.0290 wpm(K)=481.19 mins=35.43
ep=3   steps=23.90  lr=0.000404 loss/word=0.31    ppl/word=55.25    acc=0.0127 wpm(K)=481.44 mins=35.56
ep=3   steps=24.00  lr=0.000403 loss/word=0.31    ppl/word=53.43    acc=0.0073 wpm(K)=481.78 mins=35.69
Eval at step 24000. valid_batch_size=30
val_step=24000  loss=10.24  acc=0.0015 val_ppl=27999.99
ep=3   steps=24.10  lr=0.000403 loss/word=0.30    ppl/word=30.78    acc=0.0073 wpm(K)=479.59 mins=36.01
ep=3   steps=24.20  lr=0.000402 loss/word=0.30    ppl/word=8.71     acc=0.0196 wpm(K)=479.95 mins=36.15
ep=3   steps=24.30  lr=0.000401 loss/word=0.30    ppl/word=30.49    acc=0.0072 wpm(K)=480.19 mins=36.28
ep=3   steps=24.40  lr=0.000400 loss/word=0.30    ppl/word=75.09    acc=0.0000 wpm(K)=480.47 mins=36.41
ep=3   steps=24.50  lr=0.000399 loss/word=0.27    ppl/word=3.47     acc=0.0418 wpm(K)=480.83 mins=36.54
ep=3   steps=24.60  lr=0.000398 loss/word=0.30    ppl/word=29.66    acc=0.0132 wpm(K)=480.94 mins=36.67
ep=3   steps=24.70  lr=0.000398 loss/word=0.30    ppl/word=22.10    acc=0.0090 wpm(K)=481.29 mins=36.80
ep=3   steps=24.80  lr=0.000397 loss/word=0.29    ppl/word=13.50    acc=0.0216 wpm(K)=481.55 mins=36.93
ep=3   steps=24.90  lr=0.000396 loss/word=0.31    ppl/word=60.88    acc=0.0030 wpm(K)=482.01 mins=37.07
ep=4   steps=25.00  lr=0.000395 loss/word=0.30    ppl/word=18.98    acc=0.0171 wpm(K)=482.12 mins=37.20
Eval at step 25000. valid_batch_size=30
val_step=25000  loss=10.24  acc=0.0015 val_ppl=27999.99
ep=4   steps=25.10  lr=0.000394 loss/word=0.31    ppl/word=49.58    acc=0.0048 wpm(K)=479.77 mins=37.52
ep=4   steps=25.20  lr=0.000394 loss/word=0.30    ppl/word=19.40    acc=0.0069 wpm(K)=480.17 mins=37.66
ep=4   steps=25.30  lr=0.000393 loss/word=0.29    ppl/word=10.99    acc=0.0204 wpm(K)=480.38 mins=37.79
ep=4   steps=25.40  lr=0.000392 loss/word=0.30    ppl/word=48.97    acc=0.0067 wpm(K)=480.54 mins=37.92
ep=4   steps=25.50  lr=0.000391 loss/word=0.30    ppl/word=17.94    acc=0.0136 wpm(K)=480.70 mins=38.05
ep=4   steps=25.60  lr=0.000391 loss/word=0.31    ppl/word=55.28    acc=0.0057 wpm(K)=480.83 mins=38.17
ep=4   steps=25.70  lr=0.000390 loss/word=0.30    ppl/word=27.85    acc=0.0127 wpm(K)=480.95 mins=38.30
ep=4   steps=25.80  lr=0.000389 loss/word=0.31    ppl/word=72.12    acc=0.0034 wpm(K)=481.04 mins=38.43
ep=4   steps=25.90  lr=0.000388 loss/word=0.28    ppl/word=3.63     acc=0.0351 wpm(K)=481.14 mins=38.56
ep=4   steps=26.00  lr=0.000388 loss/word=0.31    ppl/word=46.43    acc=0.0020 wpm(K)=481.29 mins=38.69
Eval at step 26000. valid_batch_size=30
val_step=26000  loss=10.24  acc=0.0015 val_ppl=27999.99
ep=4   steps=26.10  lr=0.000387 loss/word=0.31    ppl/word=96.48    acc=0.0000 wpm(K)=478.89 mins=39.01
ep=4   steps=26.20  lr=0.000386 loss/word=0.29    ppl/word=18.98    acc=0.0166 wpm(K)=479.11 mins=39.14
ep=4   steps=26.30  lr=0.000385 loss/word=0.30    ppl/word=13.44    acc=0.0159 wpm(K)=479.12 mins=39.27
ep=4   steps=26.40  lr=0.000385 loss/word=0.30    ppl/word=17.93    acc=0.0152 wpm(K)=479.38 mins=39.40
ep=4   steps=26.50  lr=0.000384 loss/word=0.31    ppl/word=66.82    acc=0.0000 wpm(K)=479.55 mins=39.53
ep=4   steps=26.60  lr=0.000383 loss/word=0.29    ppl/word=9.39     acc=0.0190 wpm(K)=479.77 mins=39.66
ep=4   steps=26.70  lr=0.000382 loss/word=0.30    ppl/word=20.01    acc=0.0139 wpm(K)=480.09 mins=39.79
ep=4   steps=26.80  lr=0.000382 loss/word=0.31    ppl/word=44.17    acc=0.0039 wpm(K)=480.36 mins=39.93
ep=4   steps=26.90  lr=0.000381 loss/word=0.31    ppl/word=54.59    acc=0.0000 wpm(K)=480.40 mins=40.05
ep=4   steps=27.00  lr=0.000380 loss/word=0.30    ppl/word=12.54    acc=0.0190 wpm(K)=480.60 mins=40.18
Eval at step 27000. valid_batch_size=30
val_step=27000  loss=10.24  acc=0.0015 val_ppl=27999.99
ep=4   steps=27.10  lr=0.000380 loss/word=0.30    ppl/word=14.09    acc=0.0158 wpm(K)=478.56 mins=40.51
ep=4   steps=27.20  lr=0.000379 loss/word=0.31    ppl/word=67.08    acc=0.0000 wpm(K)=478.77 mins=40.64
ep=4   steps=27.30  lr=0.000378 loss/word=0.31    ppl/word=23.77    acc=0.0133 wpm(K)=479.00 mins=40.78
ep=4   steps=27.40  lr=0.000378 loss/word=0.29    ppl/word=13.24    acc=0.0221 wpm(K)=479.21 mins=40.92
ep=4   steps=27.50  lr=0.000377 loss/word=0.27    ppl/word=3.25     acc=0.0382 wpm(K)=479.60 mins=41.05
ep=4   steps=27.60  lr=0.000376 loss/word=0.30    ppl/word=50.93    acc=0.0062 wpm(K)=479.66 mins=41.18
ep=4   steps=27.70  lr=0.000376 loss/word=0.30    ppl/word=29.31    acc=0.0134 wpm(K)=479.77 mins=41.32
ep=4   steps=27.80  lr=0.000375 loss/word=0.29    ppl/word=26.29    acc=0.0164 wpm(K)=479.97 mins=41.45
ep=4   steps=27.90  lr=0.000374 loss/word=0.30    ppl/word=31.75    acc=0.0097 wpm(K)=480.04 mins=41.59
ep=4   steps=28.00  lr=0.000374 loss/word=0.31    ppl/word=70.22    acc=0.0030 wpm(K)=480.14 mins=41.72
Eval at step 28000. valid_batch_size=30
val_step=28000  loss=10.24  acc=0.0015 val_ppl=27999.99
ep=4   steps=28.10  lr=0.000373 loss/word=0.29    ppl/word=14.71    acc=0.0200 wpm(K)=478.14 mins=42.06
ep=4   steps=28.20  lr=0.000372 loss/word=0.31    ppl/word=41.36    acc=0.0042 wpm(K)=478.39 mins=42.20
ep=4   steps=28.30  lr=0.000372 loss/word=0.31    ppl/word=64.65    acc=0.0000 wpm(K)=478.43 mins=42.33
ep=4   steps=28.40  lr=0.000371 loss/word=0.32    ppl/word=200.78   acc=0.0000 wpm(K)=478.52 mins=42.47
ep=4   steps=28.50  lr=0.000370 loss/word=0.31    ppl/word=89.58    acc=0.0000 wpm(K)=478.65 mins=42.61
ep=4   steps=28.60  lr=0.000370 loss/word=0.31    ppl/word=52.19    acc=0.0000 wpm(K)=478.87 mins=42.74
ep=4   steps=28.70  lr=0.000369 loss/word=0.30    ppl/word=13.22    acc=0.0124 wpm(K)=479.05 mins=42.88
ep=4   steps=28.80  lr=0.000368 loss/word=0.31    ppl/word=163.60   acc=0.0000 wpm(K)=479.21 mins=43.01
ep=4   steps=28.90  lr=0.000368 loss/word=0.29    ppl/word=9.47     acc=0.0255 wpm(K)=479.48 mins=43.14
ep=4   steps=29.00  lr=0.000367 loss/word=0.30    ppl/word=22.24    acc=0.0152 wpm(K)=479.84 mins=43.28
Eval at step 29000. valid_batch_size=30
val_step=29000  loss=10.24  acc=0.0015 val_ppl=27999.99
ep=4   steps=29.10  lr=0.000366 loss/word=0.31    ppl/word=24.37    acc=0.0109 wpm(K)=477.74 mins=43.61
ep=4   steps=29.20  lr=0.000366 loss/word=0.30    ppl/word=17.92    acc=0.0136 wpm(K)=477.99 mins=43.75
ep=4   steps=29.30  lr=0.000365 loss/word=0.28    ppl/word=4.97     acc=0.0341 wpm(K)=478.18 mins=43.88
ep=4   steps=29.40  lr=0.000365 loss/word=0.30    ppl/word=27.71    acc=0.0092 wpm(K)=478.52 mins=44.02
ep=4   steps=29.50  lr=0.000364 loss/word=0.28    ppl/word=2.98     acc=0.0419 wpm(K)=478.79 mins=44.15
ep=4   steps=29.60  lr=0.000363 loss/word=0.32    ppl/word=90.56    acc=0.0000 wpm(K)=479.18 mins=44.29
ep=4   steps=29.70  lr=0.000363 loss/word=0.30    ppl/word=15.51    acc=0.0137 wpm(K)=479.35 mins=44.43
ep=4   steps=29.80  lr=0.000362 loss/word=0.31    ppl/word=53.90    acc=0.0028 wpm(K)=479.52 mins=44.56
ep=4   steps=29.90  lr=0.000361 loss/word=0.30    ppl/word=12.99    acc=0.0197 wpm(K)=479.57 mins=44.70
ep=4   steps=30.00  lr=0.000361 loss/word=0.31    ppl/word=25.15    acc=0.0140 wpm(K)=479.83 mins=44.83
Eval at step 30000. valid_batch_size=30
val_step=30000  loss=10.24  acc=0.0015 val_ppl=27999.99
ep=4   steps=30.10  lr=0.000360 loss/word=0.31    ppl/word=59.65    acc=0.0000 wpm(K)=477.85 mins=45.17
ep=4   steps=30.20  lr=0.000360 loss/word=0.30    ppl/word=24.01    acc=0.0178 wpm(K)=477.99 mins=45.30
ep=4   steps=30.30  lr=0.000359 loss/word=0.30    ppl/word=27.20    acc=0.0053 wpm(K)=478.14 mins=45.44
ep=4   steps=30.40  lr=0.000358 loss/word=0.30    ppl/word=23.34    acc=0.0090 wpm(K)=478.52 mins=45.57
ep=4   steps=30.50  lr=0.000358 loss/word=0.31    ppl/word=65.27    acc=0.0034 wpm(K)=478.58 mins=45.70
ep=4   steps=30.60  lr=0.000357 loss/word=0.31    ppl/word=105.85   acc=0.0000 wpm(K)=478.76 mins=45.84
ep=4   steps=30.70  lr=0.000357 loss/word=0.28    ppl/word=10.45    acc=0.0203 wpm(K)=478.86 mins=45.97
ep=4   steps=30.80  lr=0.000356 loss/word=0.28    ppl/word=3.05     acc=0.0314 wpm(K)=478.98 mins=46.10
ep=4   steps=30.90  lr=0.000356 loss/word=0.32    ppl/word=82.00    acc=0.0000 wpm(K)=479.10 mins=46.23
ep=4   steps=31.00  lr=0.000355 loss/word=0.30    ppl/word=21.23    acc=0.0110 wpm(K)=479.35 mins=46.37
Eval at step 31000. valid_batch_size=30
val_step=31000  loss=10.24  acc=0.0015 val_ppl=27999.99
ep=4   steps=31.10  lr=0.000354 loss/word=0.31    ppl/word=36.21    acc=0.0059 wpm(K)=477.50 mins=46.70
ep=4   steps=31.20  lr=0.000354 loss/word=0.30    ppl/word=32.68    acc=0.0101 wpm(K)=477.63 mins=46.84
ep=5   steps=31.30  lr=0.000353 loss/word=0.32    ppl/word=75.73    acc=0.0030 wpm(K)=477.76 mins=46.97
ep=5   steps=31.40  lr=0.000353 loss/word=0.30    ppl/word=15.92    acc=0.0134 wpm(K)=478.06 mins=47.10
ep=5   steps=31.50  lr=0.000352 loss/word=0.31    ppl/word=30.29    acc=0.0060 wpm(K)=478.23 mins=47.24
ep=5   steps=31.60  lr=0.000352 loss/word=0.31    ppl/word=66.81    acc=0.0032 wpm(K)=478.49 mins=47.38
ep=5   steps=31.70  lr=0.000351 loss/word=0.29    ppl/word=10.39    acc=0.0170 wpm(K)=478.72 mins=47.51
ep=5   steps=31.80  lr=0.000350 loss/word=0.30    ppl/word=23.43    acc=0.0048 wpm(K)=478.82 mins=47.64
ep=5   steps=31.90  lr=0.000350 loss/word=0.30    ppl/word=13.31    acc=0.0174 wpm(K)=478.84 mins=47.78
ep=5   steps=32.00  lr=0.000349 loss/word=0.31    ppl/word=50.98    acc=0.0043 wpm(K)=479.14 mins=47.91
Eval at step 32000. valid_batch_size=30
val_step=32000  loss=10.24  acc=0.0015 val_ppl=27999.99
ep=5   steps=32.10  lr=0.000349 loss/word=0.29    ppl/word=13.20    acc=0.0189 wpm(K)=477.27 mins=48.25
ep=5   steps=32.20  lr=0.000348 loss/word=0.31    ppl/word=78.83    acc=0.0000 wpm(K)=477.37 mins=48.38
ep=5   steps=32.30  lr=0.000348 loss/word=0.29    ppl/word=17.10    acc=0.0164 wpm(K)=477.43 mins=48.51
ep=5   steps=32.40  lr=0.000347 loss/word=0.30    ppl/word=26.40    acc=0.0092 wpm(K)=477.46 mins=48.64
ep=5   steps=32.50  lr=0.000347 loss/word=0.30    ppl/word=15.93    acc=0.0095 wpm(K)=477.63 mins=48.77
ep=5   steps=32.60  lr=0.000346 loss/word=0.31    ppl/word=23.25    acc=0.0084 wpm(K)=477.75 mins=48.91
ep=5   steps=32.70  lr=0.000346 loss/word=0.30    ppl/word=33.70    acc=0.0080 wpm(K)=477.87 mins=49.04
ep=5   steps=32.80  lr=0.000345 loss/word=0.31    ppl/word=54.99    acc=0.0000 wpm(K)=478.08 mins=49.17
ep=5   steps=32.90  lr=0.000345 loss/word=0.29    ppl/word=8.39     acc=0.0234 wpm(K)=478.36 mins=49.31
ep=5   steps=33.00  lr=0.000344 loss/word=0.29    ppl/word=16.55    acc=0.0238 wpm(K)=478.42 mins=49.45
Eval at step 33000. valid_batch_size=30
val_step=33000  loss=10.24  acc=0.0015 val_ppl=27999.99
ep=5   steps=33.10  lr=0.000344 loss/word=0.29    ppl/word=9.16     acc=0.0244 wpm(K)=476.60 mins=49.78
ep=5   steps=33.20  lr=0.000343 loss/word=0.32    ppl/word=71.11    acc=0.0029 wpm(K)=476.89 mins=49.91
ep=5   steps=33.30  lr=0.000342 loss/word=0.29    ppl/word=10.98    acc=0.0205 wpm(K)=477.01 mins=50.05
ep=5   steps=33.40  lr=0.000342 loss/word=0.28    ppl/word=4.20     acc=0.0415 wpm(K)=477.17 mins=50.18
ep=5   steps=33.50  lr=0.000341 loss/word=0.28    ppl/word=9.36     acc=0.0293 wpm(K)=477.19 mins=50.31
ep=5   steps=33.60  lr=0.000341 loss/word=0.32    ppl/word=84.76    acc=0.0033 wpm(K)=477.45 mins=50.45
ep=5   steps=33.70  lr=0.000340 loss/word=0.29    ppl/word=14.69    acc=0.0236 wpm(K)=477.62 mins=50.58
ep=5   steps=33.80  lr=0.000340 loss/word=0.28    ppl/word=4.46     acc=0.0345 wpm(K)=477.70 mins=50.71
ep=5   steps=33.90  lr=0.000339 loss/word=0.30    ppl/word=31.14    acc=0.0135 wpm(K)=477.88 mins=50.85
ep=5   steps=34.00  lr=0.000339 loss/word=0.30    ppl/word=20.33    acc=0.0123 wpm(K)=478.08 mins=50.98
Eval at step 34000. valid_batch_size=30
val_step=34000  loss=10.24  acc=0.0015 val_ppl=27999.99
ep=5   steps=34.10  lr=0.000338 loss/word=0.30    ppl/word=8.87     acc=0.0180 wpm(K)=476.54 mins=51.30
ep=5   steps=34.20  lr=0.000338 loss/word=0.28    ppl/word=4.53     acc=0.0332 wpm(K)=476.64 mins=51.43
ep=5   steps=34.30  lr=0.000337 loss/word=0.31    ppl/word=28.35    acc=0.0074 wpm(K)=476.76 mins=51.56
ep=5   steps=34.40  lr=0.000337 loss/word=0.29    ppl/word=9.75     acc=0.0203 wpm(K)=476.96 mins=51.69
ep=5   steps=34.50  lr=0.000336 loss/word=0.31    ppl/word=104.56   acc=0.0000 wpm(K)=476.89 mins=51.82
ep=5   steps=34.60  lr=0.000336 loss/word=0.30    ppl/word=35.85    acc=0.0179 wpm(K)=477.02 mins=51.95
ep=5   steps=34.70  lr=0.000336 loss/word=0.30    ppl/word=18.05    acc=0.0127 wpm(K)=477.21 mins=52.09
ep=5   steps=34.80  lr=0.000335 loss/word=0.30    ppl/word=22.43    acc=0.0195 wpm(K)=477.38 mins=52.22
ep=5   steps=34.90  lr=0.000335 loss/word=0.31    ppl/word=45.21    acc=0.0026 wpm(K)=477.49 mins=52.35
ep=5   steps=35.00  lr=0.000334 loss/word=0.30    ppl/word=30.95    acc=0.0082 wpm(K)=477.60 mins=52.48
Eval at step 35000. valid_batch_size=30
val_step=35000  loss=10.24  acc=0.0015 val_ppl=27999.99
ep=5   steps=35.10  lr=0.000334 loss/word=0.30    ppl/word=30.47    acc=0.0098 wpm(K)=475.97 mins=52.82
ep=5   steps=35.20  lr=0.000333 loss/word=0.30    ppl/word=15.62    acc=0.0139 wpm(K)=476.17 mins=52.96
ep=5   steps=35.30  lr=0.000333 loss/word=0.27    ppl/word=2.82     acc=0.0408 wpm(K)=476.22 mins=53.09
ep=5   steps=35.40  lr=0.000332 loss/word=0.31    ppl/word=48.70    acc=0.0027 wpm(K)=476.51 mins=53.23
ep=5   steps=35.50  lr=0.000332 loss/word=0.30    ppl/word=34.25    acc=0.0042 wpm(K)=476.70 mins=53.36
ep=5   steps=35.60  lr=0.000331 loss/word=0.29    ppl/word=17.87    acc=0.0134 wpm(K)=476.87 mins=53.50
ep=5   steps=35.70  lr=0.000331 loss/word=0.30    ppl/word=28.92    acc=0.0129 wpm(K)=476.95 mins=53.63
ep=5   steps=35.80  lr=0.000330 loss/word=0.31    ppl/word=71.52    acc=0.0032 wpm(K)=477.17 mins=53.76
ep=5   steps=35.90  lr=0.000330 loss/word=0.29    ppl/word=10.58    acc=0.0197 wpm(K)=477.29 mins=53.90
ep=5   steps=36.00  lr=0.000329 loss/word=0.31    ppl/word=24.72    acc=0.0076 wpm(K)=477.58 mins=54.03
Eval at step 36000. valid_batch_size=30
val_step=36000  loss=10.24  acc=0.0015 val_ppl=27999.99
ep=5   steps=36.10  lr=0.000329 loss/word=0.31    ppl/word=70.09    acc=0.0066 wpm(K)=476.02 mins=54.37
ep=5   steps=36.20  lr=0.000328 loss/word=0.30    ppl/word=15.99    acc=0.0159 wpm(K)=476.02 mins=54.50
ep=5   steps=36.30  lr=0.000328 loss/word=0.29    ppl/word=8.52     acc=0.0207 wpm(K)=476.24 mins=54.63
ep=5   steps=36.40  lr=0.000328 loss/word=0.31    ppl/word=43.58    acc=0.0022 wpm(K)=476.42 mins=54.77
ep=5   steps=36.50  lr=0.000327 loss/word=0.29    ppl/word=10.85    acc=0.0250 wpm(K)=476.53 mins=54.90
ep=5   steps=36.60  lr=0.000327 loss/word=0.31    ppl/word=29.42    acc=0.0064 wpm(K)=476.79 mins=55.04
ep=5   steps=36.70  lr=0.000326 loss/word=0.31    ppl/word=67.86    acc=0.0037 wpm(K)=476.84 mins=55.17
ep=5   steps=36.80  lr=0.000326 loss/word=0.31    ppl/word=74.46    acc=0.0000 wpm(K)=477.04 mins=55.30
ep=5   steps=36.90  lr=0.000325 loss/word=0.31    ppl/word=67.10    acc=0.0036 wpm(K)=477.21 mins=55.44
ep=5   steps=37.00  lr=0.000325 loss/word=0.30    ppl/word=23.67    acc=0.0127 wpm(K)=477.30 mins=55.57
Eval at step 37000. valid_batch_size=30
val_step=37000  loss=10.24  acc=0.0015 val_ppl=27999.99
ep=5   steps=37.10  lr=0.000324 loss/word=0.28    ppl/word=5.86     acc=0.0372 wpm(K)=475.66 mins=55.91
ep=5   steps=37.20  lr=0.000324 loss/word=0.28    ppl/word=13.70    acc=0.0264 wpm(K)=475.83 mins=56.04
ep=5   steps=37.30  lr=0.000324 loss/word=0.29    ppl/word=8.37     acc=0.0283 wpm(K)=476.08 mins=56.18
ep=5   steps=37.40  lr=0.000323 loss/word=0.31    ppl/word=54.98    acc=0.0028 wpm(K)=476.19 mins=56.31
ep=6   steps=37.50  lr=0.000323 loss/word=0.30    ppl/word=29.71    acc=0.0098 wpm(K)=476.41 mins=56.45
ep=6   steps=37.60  lr=0.000322 loss/word=0.31    ppl/word=46.52    acc=0.0064 wpm(K)=476.50 mins=56.58
ep=6   steps=37.70  lr=0.000322 loss/word=0.31    ppl/word=43.65    acc=0.0090 wpm(K)=476.75 mins=56.72
ep=6   steps=37.80  lr=0.000321 loss/word=0.30    ppl/word=8.95     acc=0.0149 wpm(K)=476.92 mins=56.85
ep=6   steps=37.90  lr=0.000321 loss/word=0.30    ppl/word=23.67    acc=0.0113 wpm(K)=477.12 mins=56.98
ep=6   steps=38.00  lr=0.000321 loss/word=0.30    ppl/word=16.88    acc=0.0116 wpm(K)=477.25 mins=57.12
Eval at step 38000. valid_batch_size=30
val_step=38000  loss=10.24  acc=0.0015 val_ppl=27999.99
ep=6   steps=38.10  lr=0.000320 loss/word=0.30    ppl/word=20.51    acc=0.0165 wpm(K)=475.76 mins=57.45
ep=6   steps=38.20  lr=0.000320 loss/word=0.30    ppl/word=12.66    acc=0.0142 wpm(K)=475.87 mins=57.59
ep=6   steps=38.30  lr=0.000319 loss/word=0.30    ppl/word=53.07    acc=0.0000 wpm(K)=476.00 mins=57.72
ep=6   steps=38.40  lr=0.000319 loss/word=0.28    ppl/word=10.93    acc=0.0251 wpm(K)=476.14 mins=57.85
ep=6   steps=38.50  lr=0.000319 loss/word=0.31    ppl/word=63.83    acc=0.0000 wpm(K)=476.23 mins=57.98
slurmstepd: error: *** JOB 44167 ON compute-0-7 CANCELLED AT 2018-03-04T23:32:43 ***
